<?xml version="1.0" encoding="UTF-8"?>
<!-- Generated by org.testng.reporters.JUnitXMLReporter -->
<testsuite ignored="1" hostname="DESKTOP-6PSE8GO" failures="0" tests="4" name="Scenario2" time="0.026" errors="0" timestamp="2022-03-21T11:26:13 IST">
  <testcase classname="TestNGCode.March14_First_TestNG" name="gone" time="0.002"/>
  <testcase classname="TestNGCode.March14_First_TestNG" name="hii" time="0.002"/>
  <testcase classname="TestNGCode.March14_First_TestNG" name="f" time="0.002"/>
  <testcase classname="TestNGCode.March14_First_TestNG" name="by" time="0.003"/>
  <testcase classname="TestNGCode.March14_First_TestNG" name="hello" time="0.0">
    <ignored/>
  </testcase> <!-- hello -->
</testsuite> <!-- Scenario2 -->
